0 info it worked if it ends with ok
1 verbose cli [ 'node',
1 verbose cli   'C:\\Users\\Administrator\\AppData\\Roaming\\npm\\node_modules\\cnpm\\node_modules\\npm\\bin\\npm-cli.js',
1 verbose cli   '--userconfig=C:\\Users\\Administrator\\.cnpmrc',
1 verbose cli   '--disturl=https://npm.taobao.org/mirrors/node',
1 verbose cli   '--cache=C:\\Users\\Administrator\\.cnpm',
1 verbose cli   '--registry=https://registry.npm.taobao.org',
1 verbose cli   '--node-gyp=C:\\Users\\Administrator\\AppData\\Roaming\\npm\\node_modules\\cnpm\\node_modules\\pangyp\\bin\\node-gyp.js',
1 verbose cli   'install',
1 verbose cli   'tsd',
1 verbose cli   '-g' ]
2 info using npm@2.13.5
3 info using node@v0.12.7
4 verbose install initial load of C:\Program Files\nodejs\package.json
5 verbose readDependencies loading dependencies from C:\Program Files\nodejs\package.json
6 silly cache add args [ 'tsd', null ]
7 verbose cache add spec tsd
8 silly cache add parsed spec { raw: 'tsd',
8 silly cache add   scope: null,
8 silly cache add   name: 'tsd',
8 silly cache add   rawSpec: '',
8 silly cache add   spec: '*',
8 silly cache add   type: 'range' }
9 silly addNamed tsd@*
10 verbose addNamed "*" is a valid semver range for tsd
11 silly addNameRange { name: 'tsd', range: '*', hasData: false }
12 silly mapToRegistry name tsd
13 silly mapToRegistry using default registry
14 silly mapToRegistry registry https://registry.npm.taobao.org/
15 silly mapToRegistry uri https://registry.npm.taobao.org/tsd
16 verbose addNameRange registry:https://registry.npm.taobao.org/tsd not in flight; fetching
17 verbose request uri https://registry.npm.taobao.org/tsd
18 verbose request no auth needed
19 info attempt registry request try #1 at 16:36:30
20 verbose request id d8c8c9b64f4fa397
21 http request GET https://registry.npm.taobao.org/tsd
22 http 200 https://registry.npm.taobao.org/tsd
23 silly get cb [ 200,
23 silly get   { date: 'Mon, 21 Mar 2016 08:36:21 GMT',
23 silly get     'content-type': 'application/json; charset=utf-8',
23 silly get     'content-length': '85697',
23 silly get     connection: 'keep-alive',
23 silly get     etag: '"14ec1-hU+ASBNjs7pUX7Bbrdr4PQ"',
23 silly get     'x-readtime': '1561' } ]
24 verbose get saving tsd to C:\Users\Administrator\.cnpm\registry.npm.taobao.org\tsd\.cache.json
25 silly addNameRange number 2 { name: 'tsd', range: '*', hasData: true }
26 silly addNameRange versions [ 'tsd',
26 silly addNameRange   [ '0.6.5',
26 silly addNameRange     '0.6.5-beta.2',
26 silly addNameRange     '0.6.5-beta',
26 silly addNameRange     '0.6.4',
26 silly addNameRange     '0.6.4-beta',
26 silly addNameRange     '0.6.3',
26 silly addNameRange     '0.6.1',
26 silly addNameRange     '0.6.0',
26 silly addNameRange     '0.6.0-beta.5',
26 silly addNameRange     '0.6.0-beta.4',
26 silly addNameRange     '0.6.0-beta.3',
26 silly addNameRange     '0.6.0-beta.2',
26 silly addNameRange     '0.6.0-beta.1',
26 silly addNameRange     '0.5.7',
26 silly addNameRange     '0.5.6',
26 silly addNameRange     '0.5.5',
26 silly addNameRange     '0.5.3',
26 silly addNameRange     '0.5.2',
26 silly addNameRange     '0.3.1',
26 silly addNameRange     '0.3.0',
26 silly addNameRange     '0.2.2',
26 silly addNameRange     '0.2.1',
26 silly addNameRange     '0.2.0',
26 silly addNameRange     '0.1.2',
26 silly addNameRange     '0.1.1',
26 silly addNameRange     '0.1.0' ] ]
27 silly addNamed tsd@0.6.5
28 verbose addNamed "0.6.5" is a plain semver version for tsd
29 silly mapToRegistry name tsd
30 silly mapToRegistry using default registry
31 silly mapToRegistry registry https://registry.npm.taobao.org/
32 silly mapToRegistry uri https://registry.npm.taobao.org/tsd
33 verbose addRemoteTarball https://registry.npm.taobao.org/tsd/download/tsd-0.6.5.tgz not in flight; adding
34 verbose addRemoteTarball [ 'https://registry.npm.taobao.org/tsd/download/tsd-0.6.5.tgz',
34 verbose addRemoteTarball   '34a0b64c1db6a70b3860fe4f5571d9d1357421ad' ]
35 info retry fetch attempt 1 at 16:36:32
36 info attempt registry request try #1 at 16:36:32
37 http fetch GET https://registry.npm.taobao.org/tsd/download/tsd-0.6.5.tgz
38 http fetch 200 https://registry.npm.taobao.org/tsd/download/tsd-0.6.5.tgz
39 silly fetchAndShaCheck shasum 34a0b64c1db6a70b3860fe4f5571d9d1357421ad
40 verbose addTmpTarball C:\Users\ADMINI~1\AppData\Local\Temp\npm-8956-a25a6e18\registry.npm.taobao.org\tsd\download\tsd-0.6.5.tgz not in flight; adding
41 verbose addTmpTarball already have metadata; skipping unpack for tsd@0.6.5
42 silly cache afterAdd tsd@0.6.5
43 verbose afterAdd C:\Users\Administrator\.cnpm\tsd\0.6.5\package\package.json not in flight; writing
44 verbose afterAdd C:\Users\Administrator\.cnpm\tsd\0.6.5\package\package.json written
45 silly install resolved [ { name: 'tsd',
45 silly install resolved     version: '0.6.5',
45 silly install resolved     description: 'TypeScript Definition manager for DefinitelyTyped',
45 silly install resolved     keywords: [ 'typescript', 'definition', 'package', 'manager' ],
45 silly install resolved     homepage: 'https://github.com/DefinitelyTyped/tsd',
45 silly install resolved     repository:
45 silly install resolved      { type: 'git',
45 silly install resolved        url: 'git+https://github.com/DefinitelyTyped/tsd.git' },
45 silly install resolved     author:
45 silly install resolved      { name: 'Bart van der Schoor',
45 silly install resolved        url: 'https://github.com/Bartvds' },
45 silly install resolved     contributors: [ [Object] ],
45 silly install resolved     licenses: [ [Object] ],
45 silly install resolved     bugs: { url: 'https://github.com/DefinitelyTyped/tsd/issues' },
45 silly install resolved     preferGlobal: true,
45 silly install resolved     engines: { node: '>= 0.10.0' },
45 silly install resolved     main: './build/api.js',
45 silly install resolved     bin: { tsd: './build/cli.js' },
45 silly install resolved     scripts: { test: 'grunt test', prepublish: 'grunt pre_publish' },
45 silly install resolved     dependencies:
45 silly install resolved      { 'assertion-error': '1.0.0',
45 silly install resolved        bl: '^0.9.3',
45 silly install resolved        bluebird: '~1.2.4',
45 silly install resolved        chalk: '^1.0.0',
45 silly install resolved        colors: '^1.1.0',
45 silly install resolved        'deep-freeze': '0.0.1',
45 silly install resolved        'definition-header': '~0.1.0',
45 silly install resolved        'detect-indent': '^0.2.0',
45 silly install resolved        diff: '^1.4.0',
45 silly install resolved        'event-stream': '~3.1.5',
45 silly install resolved        exit: '~0.1.2',
45 silly install resolved        glob: '^4.0.6',
45 silly install resolved        joi: '^4.7.0',
45 silly install resolved        'joi-assert': '0.0.3',
45 silly install resolved        jsesc: '^0.5.0',
45 silly install resolved        'json-pointer': '^0.2.2',
45 silly install resolved        'lazy.js': '~0.3.2',
45 silly install resolved        'lru-cache': '~2.5.0',
45 silly install resolved        minimatch: '^1.0.0',
45 silly install resolved        minimist: '^1.1.0',
45 silly install resolved        ministyle: '~0.1.3',
45 silly install resolved        minitable: '0.0.4',
45 silly install resolved        miniwrite: '~0.1.3',
45 silly install resolved        mkdirp: '~0.5.0',
45 silly install resolved        open: '~0.0.5',
45 silly install resolved        request: '^2.45.0',
45 silly install resolved        rimraf: '~2.2.8',
45 silly install resolved        semver: '^4.3.1',
45 silly install resolved        'type-detect': '~0.1.2',
45 silly install resolved        'universal-analytics': '~0.3.4',
45 silly install resolved        'update-notifier': '^0.2.2',
45 silly install resolved        'uri-templates': '~0.1.5',
45 silly install resolved        uuid: '^2.0.1',
45 silly install resolved        verror: '~1.4.0' },
45 silly install resolved     devDependencies:
45 silly install resolved      { chai: '~1.9.1',
45 silly install resolved        'chai-as-promised': '~4.1.1',
45 silly install resolved        'chai-fs': '^0.1.0',
45 silly install resolved        'chai-fuzzy': '~1.4.0',
45 silly install resolved        'chai-shallow-deep-equal': '0.0.3',
45 silly install resolved        grunt: '~0.4.4',
45 silly install resolved        'grunt-contrib-clean': '^0.6.0',
45 silly install resolved        'grunt-contrib-connect': '~0.8.0',
45 silly install resolved        'grunt-contrib-copy': '^0.6.0',
45 silly install resolved        'grunt-contrib-jshint': '^0.10.0',
45 silly install resolved        'grunt-mocha-test': '^0.12.1',
45 silly install resolved        'grunt-regex-replace': '~0.2.5',
45 silly install resolved        'grunt-shell': '^1.1.1',
45 silly install resolved        'grunt-todos': '~0.3.0',
45 silly install resolved        'grunt-ts': '4.1.0',
45 silly install resolved        'grunt-ts-clean': '~0.2.0',
45 silly install resolved        'grunt-tslint': 'git+https://github.com/Bartvds/grunt-tslint.git#feature/multi',
45 silly install resolved        'grunt-tv4': '~0.4.0',
45 silly install resolved        'gruntfile-gtx': '^0.3.0',
45 silly install resolved        'jshint-path-reporter': '~0.1',
45 silly install resolved        mocha: '^1.21.4',
45 silly install resolved        'mocha-unfunk-reporter': '^0.4.0',
45 silly install resolved        ncp: '^1.0.1',
45 silly install resolved        'package.json-schema': '~0.2.0',
45 silly install resolved        'source-map-support': '~0.2.6',
45 silly install resolved        'time-grunt': '^1.0.0',
45 silly install resolved        'tslint-path-formatter': '~0.1.1',
45 silly install resolved        typescript: '1.5.3',
45 silly install resolved        'dir-compare': '^0.0.2' },
45 silly install resolved     gitHead: 'b6f7933b12a6f435deadcb042e14ab5ef8b9b638',
45 silly install resolved     _id: 'tsd@0.6.5',
45 silly install resolved     _shasum: '34a0b64c1db6a70b3860fe4f5571d9d1357421ad',
45 silly install resolved     _from: 'tsd@*',
45 silly install resolved     _npmVersion: '2.11.3',
45 silly install resolved     _nodeVersion: '0.12.7',
45 silly install resolved     _npmUser: { name: 'diullei', email: 'diullei@gmail.com' },
45 silly install resolved     dist:
45 silly install resolved      { shasum: '34a0b64c1db6a70b3860fe4f5571d9d1357421ad',
45 silly install resolved        size: 75333,
45 silly install resolved        noattachment: false,
45 silly install resolved        tarball: 'http://registry.npm.taobao.org/tsd/download/tsd-0.6.5.tgz' },
45 silly install resolved     maintainers: [ [Object], [Object], [Object], [Object] ],
45 silly install resolved     directories: {},
45 silly install resolved     publish_time: 1443914465633,
45 silly install resolved     _cnpm_publish_time: 1443914465633,
45 silly install resolved     _resolved: 'https://registry.npm.taobao.org/tsd/download/tsd-0.6.5.tgz' } ]
46 info install tsd@0.6.5 into C:\Program Files\nodejs
47 info installOne tsd@0.6.5
48 verbose installOne of tsd to C:\Program Files\nodejs not in flight; installing
49 verbose lock using C:\Users\Administrator\.cnpm\_locks\tsd-3ebb039f4a26e93c.lock for C:\Program Files\nodejs\node_modules\tsd
50 silly install write writing tsd 0.6.5 to C:\Program Files\nodejs\node_modules\tsd
51 verbose unbuild node_modules\tsd
52 silly gentlyRm C:\Program Files\nodejs\node_modules\tsd is being purged from base C:\Program Files\nodejs
53 verbose gentlyRm don't care about contents; nuking C:\Program Files\nodejs\node_modules\tsd
54 verbose tar unpack C:\Users\Administrator\.cnpm\tsd\0.6.5\package.tgz
55 verbose tar unpacking to C:\Program Files\nodejs\node_modules\tsd
56 silly gentlyRm C:\Program Files\nodejs\node_modules\tsd is being purged
57 verbose gentlyRm don't care about contents; nuking C:\Program Files\nodejs\node_modules\tsd
58 silly gunzTarPerm modes [ '777', '666' ]
59 error tar.unpack untar error C:\Users\Administrator\.cnpm\tsd\0.6.5\package.tgz
60 verbose unlock done using C:\Users\Administrator\.cnpm\_locks\tsd-3ebb039f4a26e93c.lock for C:\Program Files\nodejs\node_modules\tsd
61 verbose fstream_path C:\Program Files\nodejs\node_modules\tsd
62 verbose fstream_type Directory
63 verbose fstream_class DirWriter
64 verbose stack Error: EPERM, mkdir 'C:\Program Files\nodejs\node_modules\tsd'
64 verbose stack     at Error (native)
65 verbose fstream_stack C:\Users\Administrator\AppData\Roaming\npm\node_modules\cnpm\node_modules\npm\node_modules\fstream\lib\dir-writer.js:35:25
65 verbose fstream_stack C:\Users\Administrator\AppData\Roaming\npm\node_modules\cnpm\node_modules\npm\node_modules\mkdirp\index.js:47:53
65 verbose fstream_stack FSReqWrap.oncomplete (fs.js:95:15)
66 verbose cwd e:\project\plot\app\js\chart\pattern\patterns
67 error Windows_NT 6.3.9600
68 error argv "node" "C:\\Users\\Administrator\\AppData\\Roaming\\npm\\node_modules\\cnpm\\node_modules\\npm\\bin\\npm-cli.js" "--userconfig=C:\\Users\\Administrator\\.cnpmrc" "--disturl=https://npm.taobao.org/mirrors/node" "--cache=C:\\Users\\Administrator\\.cnpm" "--registry=https://registry.npm.taobao.org" "--node-gyp=C:\\Users\\Administrator\\AppData\\Roaming\\npm\\node_modules\\cnpm\\node_modules\\pangyp\\bin\\node-gyp.js" "install" "tsd" "-g"
69 error node v0.12.7
70 error npm  v2.13.5
71 error path C:\Program Files\nodejs\node_modules\tsd
72 error code EPERM
73 error errno -4048
74 error Error: EPERM, mkdir 'C:\Program Files\nodejs\node_modules\tsd'
74 error     at Error (native)
74 error  { [Error: EPERM, mkdir 'C:\Program Files\nodejs\node_modules\tsd']
74 error   errno: -4048,
74 error   code: 'EPERM',
74 error   path: 'C:\\Program Files\\nodejs\\node_modules\\tsd',
74 error   fstream_type: 'Directory',
74 error   fstream_path: 'C:\\Program Files\\nodejs\\node_modules\\tsd',
74 error   fstream_class: 'DirWriter',
74 error   fstream_stack:
74 error    [ 'C:\\Users\\Administrator\\AppData\\Roaming\\npm\\node_modules\\cnpm\\node_modules\\npm\\node_modules\\fstream\\lib\\dir-writer.js:35:25',
74 error      'C:\\Users\\Administrator\\AppData\\Roaming\\npm\\node_modules\\cnpm\\node_modules\\npm\\node_modules\\mkdirp\\index.js:47:53',
74 error      'FSReqWrap.oncomplete (fs.js:95:15)' ] }
75 error Please try running this command again as root/Administrator.
76 verbose exit [ -4048, true ]
77 verbose unbuild node_modules\tsd
78 silly gentlyRm C:\Program Files\nodejs\node_modules\tsd is being purged from base C:\Program Files\nodejs
79 verbose gentlyRm don't care about contents; nuking C:\Program Files\nodejs\node_modules\tsd
